words_done: 0
words_done: 1
words_done: 1
words_done: 2
words_done: 2
words_done: 3
words_done: 3
words_done: 4
words_done: 4
words_done: 5
words_done: 5
words_done: 6
words_done: 6
words_done: 7
words_done: 7
words_done: 8
words_done: 8
words_done: 9
words_done: 9
words_done: 10
words_done: 10
words_done: 11
words_done: 11
words_done: 12
words_done: 12
words_done: 13
words_done: 13
words_done: 14
words_done: 14
words_done: 15
words_done: 15
words_done: 16
words_done: 16
words_done: 17
words_done: 17
words_done: 18
words_done: 18
words_done: 19
words_done: 19
words_done: 20
words_done: 20
words_done: 21
words_done: 21
words_done: 22
words_done: 22
words_done: 23
words_done: 23
words_done: 24
words_done: 24
words_done: 25
words_done: 25
words_done: 26
words_done: 26
words_done: 27
